This file contains any messages produced by compilers while
running configure, to aid debugging if configure makes a mistake.

It was created by wdfs configure 1.4.2, which was
generated by GNU Autoconf 2.61.  Invocation command line was

  $ ./configure 

## --------- ##
## Platform. ##
## --------- ##

hostname = afia.waitman.net
uname -m = amd64
uname -r = 11.0-CURRENT
uname -s = FreeBSD
uname -v = FreeBSD 11.0-CURRENT #0 r290480M: Fri Nov  6 20:43:01 PST 2015     waitman@afia.waitman.net:/usr/obj/usr/src/sys/AFIA 

/usr/bin/uname -p = amd64
/bin/uname -X     = unknown

/bin/arch              = unknown
/usr/bin/arch -k       = unknown
/usr/convex/getsysinfo = unknown
/usr/bin/hostinfo      = unknown
/bin/machine           = unknown
/usr/bin/oslevel       = unknown
/bin/universe          = unknown

PATH: /sbin
PATH: /bin
PATH: /usr/sbin
PATH: /usr/bin
PATH: /usr/local/sbin
PATH: /usr/local/bin
PATH: /root/bin


## ----------- ##
## Core tests. ##
## ----------- ##

configure:1779: checking for a BSD-compatible install
configure:1835: result: /usr/bin/install -c
configure:1846: checking whether build environment is sane
configure:1889: result: yes
configure:1954: checking for gawk
configure:1984: result: no
configure:1954: checking for mawk
configure:1984: result: no
configure:1954: checking for nawk
configure:1970: found /usr/bin/nawk
configure:1981: result: nawk
configure:1992: checking whether make sets $(MAKE)
configure:2013: result: yes
configure:2212: checking for style of include used by make
configure:2240: result: GNU
configure:2313: checking for gcc
configure:2343: result: no
configure:2410: checking for cc
configure:2431: found /usr/bin/cc
configure:2454: result: cc
configure:2578: checking for C compiler version
configure:2585: cc --version >&5
FreeBSD clang version 3.7.0 (tags/RELEASE_370/final 246257) 20150906
Target: x86_64-unknown-freebsd11.0
Thread model: posix
configure:2588: $? = 0
configure:2595: cc -v >&5
FreeBSD clang version 3.7.0 (tags/RELEASE_370/final 246257) 20150906
Target: x86_64-unknown-freebsd11.0
Thread model: posix
configure:2598: $? = 0
configure:2605: cc -V >&5
cc: error: argument to '-V' is missing (expected 1 value)
cc: error: no input files
configure:2608: $? = 1
configure:2631: checking for C compiler default output file name
configure:2658: cc    conftest.c  >&5
configure:2661: $? = 0
configure:2699: result: a.out
configure:2716: checking whether the C compiler works
configure:2726: ./a.out
configure:2729: $? = 0
configure:2746: result: yes
configure:2753: checking whether we are cross compiling
configure:2755: result: no
configure:2758: checking for suffix of executables
configure:2765: cc -o conftest    conftest.c  >&5
configure:2768: $? = 0
configure:2792: result: 
configure:2798: checking for suffix of object files
configure:2824: cc -c   conftest.c >&5
configure:2827: $? = 0
configure:2850: result: o
configure:2854: checking whether we are using the GNU C compiler
configure:2883: cc -c   conftest.c >&5
configure:2889: $? = 0
configure:2906: result: yes
configure:2911: checking whether cc accepts -g
configure:2941: cc -c -g  conftest.c >&5
configure:2947: $? = 0
configure:3046: result: yes
configure:3063: checking for cc option to accept ISO C89
configure:3137: cc  -c -g -O2  conftest.c >&5
configure:3143: $? = 0
configure:3166: result: none needed
configure:3186: checking dependency style of cc
configure:3276: result: gcc3
configure:3299: checking how to run the C preprocessor
configure:3339: cc -E  conftest.c
configure:3345: $? = 0
configure:3376: cc -E  conftest.c
conftest.c:10:10: fatal error: 'ac_nonexistent.h' file not found
#include <ac_nonexistent.h>
         ^
1 error generated.
configure:3382: $? = 1
configure: failed program was:
| /* confdefs.h.  */
| #define PACKAGE_NAME "wdfs"
| #define PACKAGE_TARNAME "wdfs"
| #define PACKAGE_VERSION "1.4.2"
| #define PACKAGE_STRING "wdfs 1.4.2"
| #define PACKAGE_BUGREPORT "noedler@web.de"
| #define PACKAGE "wdfs"
| #define VERSION "1.4.2"
| /* end confdefs.h.  */
| #include <ac_nonexistent.h>
configure:3415: result: cc -E
configure:3444: cc -E  conftest.c
configure:3450: $? = 0
configure:3481: cc -E  conftest.c
conftest.c:10:10: fatal error: 'ac_nonexistent.h' file not found
#include <ac_nonexistent.h>
         ^
1 error generated.
configure:3487: $? = 1
configure: failed program was:
| /* confdefs.h.  */
| #define PACKAGE_NAME "wdfs"
| #define PACKAGE_TARNAME "wdfs"
| #define PACKAGE_VERSION "1.4.2"
| #define PACKAGE_STRING "wdfs 1.4.2"
| #define PACKAGE_BUGREPORT "noedler@web.de"
| #define PACKAGE "wdfs"
| #define VERSION "1.4.2"
| /* end confdefs.h.  */
| #include <ac_nonexistent.h>
configure:3525: checking for grep that handles long lines and -e
configure:3599: result: /usr/bin/grep
configure:3604: checking for egrep
configure:3682: result: /usr/bin/grep -E
configure:3687: checking for ANSI C header files
configure:3717: cc -c -g -O2  conftest.c >&5
configure:3723: $? = 0
configure:3822: cc -o conftest -g -O2   conftest.c  >&5
configure:3825: $? = 0
configure:3831: ./conftest
configure:3834: $? = 0
configure:3851: result: yes
configure:3875: checking for sys/types.h
configure:3896: cc -c -g -O2  conftest.c >&5
configure:3902: $? = 0
configure:3918: result: yes
configure:3875: checking for sys/stat.h
configure:3896: cc -c -g -O2  conftest.c >&5
configure:3902: $? = 0
configure:3918: result: yes
configure:3875: checking for stdlib.h
configure:3896: cc -c -g -O2  conftest.c >&5
configure:3902: $? = 0
configure:3918: result: yes
configure:3875: checking for string.h
configure:3896: cc -c -g -O2  conftest.c >&5
configure:3902: $? = 0
configure:3918: result: yes
configure:3875: checking for memory.h
configure:3896: cc -c -g -O2  conftest.c >&5
configure:3902: $? = 0
configure:3918: result: yes
configure:3875: checking for strings.h
configure:3896: cc -c -g -O2  conftest.c >&5
configure:3902: $? = 0
configure:3918: result: yes
configure:3875: checking for inttypes.h
configure:3896: cc -c -g -O2  conftest.c >&5
configure:3902: $? = 0
configure:3918: result: yes
configure:3875: checking for stdint.h
configure:3896: cc -c -g -O2  conftest.c >&5
configure:3902: $? = 0
configure:3918: result: yes
configure:3875: checking for unistd.h
configure:3896: cc -c -g -O2  conftest.c >&5
configure:3902: $? = 0
configure:3918: result: yes
configure:3945: checking pthread.h usability
configure:3962: cc -c -g -O2  conftest.c >&5
configure:3968: $? = 0
configure:3982: result: yes
configure:3986: checking pthread.h presence
configure:4001: cc -E  conftest.c
configure:4007: $? = 0
configure:4021: result: yes
configure:4054: checking for pthread.h
configure:4062: result: yes
configure:4080: checking for strndup
configure:4136: cc -o conftest -g -O2   conftest.c  >&5
conftest.c:44:6: warning: incompatible redeclaration of library function 'strndup' [-Wincompatible-library-redeclaration]
char strndup ();
     ^
conftest.c:44:6: note: 'strndup' is a builtin with type 'char *(const char *, unsigned long)'
1 warning generated.
configure:4142: $? = 0
configure:4160: result: yes
configure:4484: checking for C compiler version
configure:4491: cc --version >&5
FreeBSD clang version 3.7.0 (tags/RELEASE_370/final 246257) 20150906
Target: x86_64-unknown-freebsd11.0
Thread model: posix
configure:4494: $? = 0
configure:4501: cc -v >&5
FreeBSD clang version 3.7.0 (tags/RELEASE_370/final 246257) 20150906
Target: x86_64-unknown-freebsd11.0
Thread model: posix
configure:4504: $? = 0
configure:4511: cc -V >&5
cc: error: argument to '-V' is missing (expected 1 value)
cc: error: no input files
configure:4514: $? = 1
configure:4517: checking whether we are using the GNU C compiler
configure:4569: result: yes
configure:4574: checking whether cc accepts -g
configure:4709: result: yes
configure:4726: checking for cc option to accept ISO C89
configure:4829: result: none needed
configure:4849: checking dependency style of cc
configure:4939: result: gcc3
configure:5006: checking for pkg-config
configure:5024: found /usr/local/bin/pkg-config
configure:5036: result: /usr/local/bin/pkg-config
configure:5065: checking pkg-config is at least version 0.9.0
configure:5068: result: yes
configure:5079: checking for WDFS
configure:5087: $PKG_CONFIG --exists --print-errors "fuse >= 2.5.0  neon >= 0.24.7  glib-2.0"
configure:5090: $? = 0
configure:5105: $PKG_CONFIG --exists --print-errors "fuse >= 2.5.0  neon >= 0.24.7  glib-2.0"
configure:5108: $? = 0
configure:5184: result: yes
configure:5315: creating ./config.status

## ---------------------- ##
## Running config.status. ##
## ---------------------- ##

This file was extended by wdfs config.status 1.4.2, which was
generated by GNU Autoconf 2.61.  Invocation command line was

  CONFIG_FILES    = 
  CONFIG_HEADERS  = 
  CONFIG_LINKS    = 
  CONFIG_COMMANDS = 
  $ ./config.status 

on afia.waitman.net

config.status:637: creating Makefile
config.status:637: creating src/Makefile
config.status:637: creating src/config.h
config.status:905: executing depfiles commands

## ---------------- ##
## Cache variables. ##
## ---------------- ##

ac_cv_c_compiler_gnu=yes
ac_cv_env_CC_set=''
ac_cv_env_CC_value=''
ac_cv_env_CFLAGS_set=''
ac_cv_env_CFLAGS_value=''
ac_cv_env_CPPFLAGS_set=''
ac_cv_env_CPPFLAGS_value=''
ac_cv_env_CPP_set=''
ac_cv_env_CPP_value=''
ac_cv_env_LDFLAGS_set=''
ac_cv_env_LDFLAGS_value=''
ac_cv_env_LIBS_set=''
ac_cv_env_LIBS_value=''
ac_cv_env_PKG_CONFIG_set=''
ac_cv_env_PKG_CONFIG_value=''
ac_cv_env_WDFS_CFLAGS_set=''
ac_cv_env_WDFS_CFLAGS_value=''
ac_cv_env_WDFS_LIBS_set=''
ac_cv_env_WDFS_LIBS_value=''
ac_cv_env_build_alias_set=''
ac_cv_env_build_alias_value=''
ac_cv_env_host_alias_set=''
ac_cv_env_host_alias_value=''
ac_cv_env_target_alias_set=''
ac_cv_env_target_alias_value=''
ac_cv_func_strndup=yes
ac_cv_header_inttypes_h=yes
ac_cv_header_memory_h=yes
ac_cv_header_pthread_h=yes
ac_cv_header_stdc=yes
ac_cv_header_stdint_h=yes
ac_cv_header_stdlib_h=yes
ac_cv_header_string_h=yes
ac_cv_header_strings_h=yes
ac_cv_header_sys_stat_h=yes
ac_cv_header_sys_types_h=yes
ac_cv_header_unistd_h=yes
ac_cv_objext=o
ac_cv_path_EGREP='/usr/bin/grep -E'
ac_cv_path_GREP=/usr/bin/grep
ac_cv_path_ac_pt_PKG_CONFIG=/usr/local/bin/pkg-config
ac_cv_path_install='/usr/bin/install -c'
ac_cv_prog_AWK=nawk
ac_cv_prog_CC=cc
ac_cv_prog_CPP='cc -E'
ac_cv_prog_cc_c89=''
ac_cv_prog_cc_g=yes
ac_cv_prog_make_make_set=yes
am_cv_CC_dependencies_compiler_type=gcc3
pkg_cv_WDFS_CFLAGS='-I/usr/local/include/fuse -D_FILE_OFFSET_BITS=64 -I/usr/local/include/neon -I/usr/local/include/glib-2.0 -I/usr/local/lib/glib-2.0/include -I/usr/local/include  '
pkg_cv_WDFS_LIBS='-L/usr/local/lib -lfuse -pthread -lneon -lglib-2.0 -lintl  '

## ----------------- ##
## Output variables. ##
## ----------------- ##

ACLOCAL='${SHELL} /xj/waitman/wdfs/missing --run aclocal-1.9'
AMDEPBACKSLASH='\'
AMDEP_FALSE='#'
AMDEP_TRUE=''
AMTAR='${SHELL} /xj/waitman/wdfs/missing --run tar'
AUTOCONF='${SHELL} /xj/waitman/wdfs/missing --run autoconf'
AUTOHEADER='${SHELL} /xj/waitman/wdfs/missing --run autoheader'
AUTOMAKE='${SHELL} /xj/waitman/wdfs/missing --run automake-1.9'
AWK='nawk'
CC='cc'
CCDEPMODE='depmode=gcc3'
CFLAGS='-g -O2 -I/usr/local/include/fuse -D_FILE_OFFSET_BITS=64 -I/usr/local/include/neon -I/usr/local/include/glib-2.0 -I/usr/local/lib/glib-2.0/include -I/usr/local/include   -Wall -D_GNU_SOURCE -D_REENTRANT'
CPP='cc -E'
CPPFLAGS=''
CYGPATH_W='echo'
DEFS='-DHAVE_CONFIG_H'
DEPDIR='.deps'
ECHO_C=''
ECHO_N='-n'
ECHO_T=''
EGREP='/usr/bin/grep -E'
EXEEXT=''
GREP='/usr/bin/grep'
INSTALL_DATA='${INSTALL} -m 644'
INSTALL_PROGRAM='${INSTALL}'
INSTALL_SCRIPT='${INSTALL}'
INSTALL_STRIP_PROGRAM='${SHELL} $(install_sh) -c -s'
LDFLAGS=''
LIBOBJS=''
LIBS='-L/usr/local/lib -lfuse -pthread -lneon -lglib-2.0 -lintl  '
LTLIBOBJS=''
MAKEINFO='${SHELL} /xj/waitman/wdfs/missing --run makeinfo'
OBJEXT='o'
PACKAGE='wdfs'
PACKAGE_BUGREPORT='noedler@web.de'
PACKAGE_NAME='wdfs'
PACKAGE_STRING='wdfs 1.4.2'
PACKAGE_TARNAME='wdfs'
PACKAGE_VERSION='1.4.2'
PATH_SEPARATOR=':'
PKG_CONFIG='/usr/local/bin/pkg-config'
SET_MAKE=''
SHELL='/bin/sh'
STRIP=''
VERSION='1.4.2'
WDFS_CFLAGS='-I/usr/local/include/fuse -D_FILE_OFFSET_BITS=64 -I/usr/local/include/neon -I/usr/local/include/glib-2.0 -I/usr/local/lib/glib-2.0/include -I/usr/local/include  '
WDFS_LIBS='-L/usr/local/lib -lfuse -pthread -lneon -lglib-2.0 -lintl  '
ac_ct_CC=''
am__fastdepCC_FALSE='#'
am__fastdepCC_TRUE=''
am__include='include'
am__leading_dot='.'
am__quote=''
am__tar='${AMTAR} chof - "$$tardir"'
am__untar='${AMTAR} xf -'
bindir='${exec_prefix}/bin'
build_alias=''
datadir='${datarootdir}'
datarootdir='${prefix}/share'
docdir='${datarootdir}/doc/${PACKAGE_TARNAME}'
dvidir='${docdir}'
exec_prefix='${prefix}'
host_alias=''
htmldir='${docdir}'
includedir='${prefix}/include'
infodir='${datarootdir}/info'
install_sh='/xj/waitman/wdfs/install-sh'
libdir='${exec_prefix}/lib'
libexecdir='${exec_prefix}/libexec'
localedir='${datarootdir}/locale'
localstatedir='${prefix}/var'
mandir='${datarootdir}/man'
mkdir_p='$(install_sh) -d'
oldincludedir='/usr/include'
pdfdir='${docdir}'
prefix='/usr/local'
program_transform_name='s,x,x,'
psdir='${docdir}'
sbindir='${exec_prefix}/sbin'
sharedstatedir='${prefix}/com'
sysconfdir='${prefix}/etc'
target_alias=''

## ----------- ##
## confdefs.h. ##
## ----------- ##

#define PACKAGE_NAME "wdfs"
#define PACKAGE_TARNAME "wdfs"
#define PACKAGE_VERSION "1.4.2"
#define PACKAGE_STRING "wdfs 1.4.2"
#define PACKAGE_BUGREPORT "noedler@web.de"
#define PACKAGE "wdfs"
#define VERSION "1.4.2"
#define STDC_HEADERS 1
#define HAVE_SYS_TYPES_H 1
#define HAVE_SYS_STAT_H 1
#define HAVE_STDLIB_H 1
#define HAVE_STRING_H 1
#define HAVE_MEMORY_H 1
#define HAVE_STRINGS_H 1
#define HAVE_INTTYPES_H 1
#define HAVE_STDINT_H 1
#define HAVE_UNISTD_H 1
#define HAVE_PTHREAD_H 1
#define HAVE_STRNDUP 1

configure: exit 0
